<?xml version="1.0" encoding="UTF-8"?>
<!-- Generated by org.testng.reporters.JUnitReportReporter -->
<testsuite hostname="LAPTOP-6BCBJ26G" failures="0" tests="4" name="selenium.Level_00_Register_Login_Step_By_Step" time="34.468" errors="0" timestamp="05 Jul 2022 04:31:26 GMT" skipped="0">
  <testcase classname="selenium.Level_00_Register_Login_Step_By_Step" name="TC_01_Register" time="10.607"/>
  <testcase classname="selenium.Level_00_Register_Login_Step_By_Step" name="TC_01_Register" time="11.170"/>
  <testcase classname="selenium.Level_00_Register_Login_Step_By_Step" name="TC_02_Login" time="6.937"/>
  <testcase classname="selenium.Level_00_Register_Login_Step_By_Step" name="TC_02_Login" time="5.754"/>
</testsuite> <!-- selenium.Level_00_Register_Login_Step_By_Step -->
